#
# There is insufficient memory for the Java Runtime Environment to continue.
# Native memory allocation (malloc) failed to allocate 32744 bytes for ChunkPool::allocate
# Possible reasons:
#   The system is out of physical RAM or swap space
#   In 32 bit mode, the process size limit was hit
# Possible solutions:
#   Reduce memory load on the system
#   Increase physical memory or swap space
#   Check if swap backing store is full
#   Use 64 bit Java on a 64 bit OS
#   Decrease Java heap size (-Xmx/-Xms)
#   Decrease number of Java threads
#   Decrease Java thread stack sizes (-Xss)
#   Set larger code cache with -XX:ReservedCodeCacheSize=
# This output file may be truncated or incomplete.
#
#  Out of Memory Error (allocation.cpp:273), pid=37392, tid=0x0000000000000b10
#
# JRE version: Java(TM) SE Runtime Environment (8.0_111-b14) (build 1.8.0_111-b14)
# Java VM: Java HotSpot(TM) 64-Bit Server VM (25.111-b14 mixed mode windows-amd64 compressed oops)
# Failed to write core dump. Minidumps are not enabled by default on client versions of Windows
#

---------------  T H R E A D  ---------------

Current thread (0x000000001763c000):  JavaThread "C1 CompilerThread1" daemon [_thread_in_native, id=2832, stack(0x0000000018720000,0x0000000018820000)]

Stack: [0x0000000018720000,0x0000000018820000]
[error occurred during error reporting (printing stack bounds), id 0xc0000005]

Native frames: (J=compiled Java code, j=interpreted, Vv=VM code, C=native code)


Current CompileTask:
C1:    236  418       3       javax.swing.plaf.nimbus.NimbusStyle::validate (1178 bytes)


---------------  P R O C E S S  ---------------

Java Threads: ( => current thread )
  0x0000000002cf0800 JavaThread "DestroyJavaVM" [_thread_blocked, id=40216, stack(0x0000000002be0000,0x0000000002ce0000)]
  0x0000000018d5e000 JavaThread "AWT-EventQueue-0" [_thread_in_Java, id=40540, stack(0x0000000019c20000,0x0000000019d20000)]
  0x0000000018d56800 JavaThread "AWT-Windows" daemon [_thread_in_native, id=42428, stack(0x0000000019170000,0x0000000019270000)]
  0x0000000018d09800 JavaThread "AWT-Shutdown" [_thread_blocked, id=39064, stack(0x0000000019070000,0x0000000019170000)]
  0x0000000018d08800 JavaThread "Java2D Disposer" daemon [_thread_blocked, id=13848, stack(0x0000000018f70000,0x0000000019070000)]
  0x000000001764a800 JavaThread "Service Thread" daemon [_thread_blocked, id=40688, stack(0x0000000018820000,0x0000000018920000)]
=>0x000000001763c000 JavaThread "C1 CompilerThread1" daemon [_thread_in_native, id=2832, stack(0x0000000018720000,0x0000000018820000)]
  0x00000000175e9800 JavaThread "C2 CompilerThread0" daemon [_thread_blocked, id=42404, stack(0x0000000018620000,0x0000000018720000)]
  0x00000000175e8000 JavaThread "Attach Listener" daemon [_thread_blocked, id=40844, stack(0x0000000018520000,0x0000000018620000)]
  0x00000000175e4800 JavaThread "Signal Dispatcher" daemon [_thread_blocked, id=10612, stack(0x0000000018420000,0x0000000018520000)]
  0x00000000175d8800 JavaThread "Finalizer" daemon [_thread_blocked, id=38376, stack(0x0000000018220000,0x0000000018320000)]
  0x0000000002ddd000 JavaThread "Reference Handler" daemon [_thread_blocked, id=41888, stack(0x0000000018120000,0x0000000018220000)]

Other Threads:
  0x00000000175b6800 VMThread [stack: 0x0000000018020000,0x0000000018120000] [id=38572]
  0x000000001765f800 WatcherThread [stack: 0x0000000018920000,0x0000000018a20000] [id=29244]

VM state:not at safepoint (normal execution)

VM Mutex/Monitor currently owned by a thread: None

Heap:
 PSYoungGen      total 37888K, used 6555K [0x00000000d6780000, 0x00000000d9180000, 0x0000000100000000)
  eden space 32768K, 20% used [0x00000000d6780000,0x00000000d6de6ce8,0x00000000d8780000)
  from space 5120K, 0% used [0x00000000d8c80000,0x00000000d8c80000,0x00000000d9180000)
  to   space 5120K, 0% used [0x00000000d8780000,0x00000000d8780000,0x00000000d8c80000)
 ParOldGen       total 86016K, used 0K [0x0000000083600000, 0x0000000088a00000, 0x00000000d6780000)
  object space 86016K, 0% used [0x0000000083600000,0x0000000083600000,0x0000000088a00000)
 Metaspace       used 10348K, capacity 10560K, committed 10752K, reserved 1058816K
  class space    used 1379K, capacity 1456K, committed 1536K, reserved 1048576K

Card table byte_map: [0x00000000121c0000,0x00000000125b0000] byte_map_base: 0x0000000011da5000

Marking Bits: (ParMarkBitMap*) 0x00000000731ba6c0
 Begin Bits: [0x0000000012a50000, 0x0000000014978000)
 End Bits:   [0x0000000014978000, 0x00000000168a0000)

Polling page: 0x00000000013c0000

CodeCache: size=245760Kb used=2005Kb max_used=2016Kb free=243754Kb
 bounds [0x0000000002e00000, 0x0000000003070000, 0x0000000011e00000]
 total_blobs=819 nmethods=418 adapters=314
 compilation: enabled

Compilation events (10 events):
Event: 0.227 Thread 0x000000001763c000 nmethod 414 0x0000000002ff1b10 code [0x0000000002ff1c80, 0x0000000002ff1ec8]
Event: 0.227 Thread 0x000000001763c000  415       3       java.util.HashMap::<init> (11 bytes)
Event: 0.228 Thread 0x000000001763c000 nmethod 415 0x0000000002ff16d0 code [0x0000000002ff1840, 0x0000000002ff1a50]
Event: 0.228 Thread 0x000000001763c000  416       3       javax.swing.plaf.nimbus.NimbusStyle$CacheKey::hashCode (27 bytes)
Event: 0.228 Thread 0x000000001763c000 nmethod 416 0x0000000002ff1290 code [0x0000000002ff1400, 0x0000000002ff1628]
Event: 0.229 Thread 0x000000001763c000  417       3       javax.swing.plaf.nimbus.NimbusDefaults$LazyStyle::matches (229 bytes)
Event: 0.230 Thread 0x000000001763c000 nmethod 417 0x0000000002ff2850 code [0x0000000002ff2ae0, 0x0000000002ff3ee8]
Event: 0.230 Thread 0x000000001763c000  418       3       javax.swing.plaf.nimbus.NimbusStyle::validate (1178 bytes)
Event: 0.231 Thread 0x00000000175e9800 nmethod 410 0x0000000002ff7cd0 code [0x0000000002ff7e40, 0x0000000002ff8768]
Event: 0.233 Thread 0x00000000175e9800  423       4       java.lang.String::<init> (82 bytes)

GC Heap History (0 events):
No events

Deoptimization events (0 events):
No events

Internal exceptions (10 events):
Event: 0.175 Thread 0x0000000002cf0800 Exception <a 'java/lang/ClassNotFoundException': ToolBar> (0x00000000d6b8eb40) thrown at [C:\re\workspace\8-2-build-windows-amd64-cygwin\jdk8u111\7883\hotspot\src\share\vm\classfile\systemDictionary.cpp, line 210]
Event: 0.175 Thread 0x0000000002cf0800 Exception <a 'java/lang/ClassNotFoundException': ToggleButton> (0x00000000d6b8f0f0) thrown at [C:\re\workspace\8-2-build-windows-amd64-cygwin\jdk8u111\7883\hotspot\src\share\vm\classfile\systemDictionary.cpp, line 210]
Event: 0.175 Thread 0x0000000002cf0800 Exception <a 'java/lang/ClassNotFoundException': javax/swing/JToolBarSeparator> (0x00000000d6b8f550) thrown at [C:\re\workspace\8-2-build-windows-amd64-cygwin\jdk8u111\7883\hotspot\src\share\vm\classfile\systemDictionary.cpp, line 210]
Event: 0.175 Thread 0x0000000002cf0800 Exception <a 'java/lang/ClassNotFoundException': ToolBarSeparator> (0x00000000d6b8f9e8) thrown at [C:\re\workspace\8-2-build-windows-amd64-cygwin\jdk8u111\7883\hotspot\src\share\vm\classfile\systemDictionary.cpp, line 210]
Event: 0.175 Thread 0x0000000002cf0800 Exception <a 'java/lang/ClassNotFoundException': ToolTip> (0x00000000d6b90128) thrown at [C:\re\workspace\8-2-build-windows-amd64-cygwin\jdk8u111\7883\hotspot\src\share\vm\classfile\systemDictionary.cpp, line 210]
Event: 0.176 Thread 0x0000000002cf0800 Exception <a 'java/lang/ClassNotFoundException': Tree> (0x00000000d6b90d48) thrown at [C:\re\workspace\8-2-build-windows-amd64-cygwin\jdk8u111\7883\hotspot\src\share\vm\classfile\systemDictionary.cpp, line 210]
Event: 0.176 Thread 0x0000000002cf0800 Exception <a 'java/lang/ClassNotFoundException': Tree> (0x00000000d6b91488) thrown at [C:\re\workspace\8-2-build-windows-amd64-cygwin\jdk8u111\7883\hotspot\src\share\vm\classfile\systemDictionary.cpp, line 210]
Event: 0.176 Thread 0x0000000002cf0800 Exception <a 'java/lang/ClassNotFoundException': javax/swing/JTreeCell> (0x00000000d6b91808) thrown at [C:\re\workspace\8-2-build-windows-amd64-cygwin\jdk8u111\7883\hotspot\src\share\vm\classfile\systemDictionary.cpp, line 210]
Event: 0.176 Thread 0x0000000002cf0800 Exception <a 'java/lang/ClassNotFoundException': TreeCell> (0x00000000d6b91c90) thrown at [C:\re\workspace\8-2-build-windows-amd64-cygwin\jdk8u111\7883\hotspot\src\share\vm\classfile\systemDictionary.cpp, line 210]
Event: 0.176 Thread 0x0000000002cf0800 Exception <a 'java/lang/ClassNotFoundException': RootPane> (0x00000000d6b926f0) thrown at [C:\re\workspace\8-2-build-windows-amd64-cygwin\jdk8u111\7883\hotspot\src\share\vm\classfile\systemDictionary.cpp, line 210]

Events (10 events):
Event: 0.232 loading class javax/swing/JTable$BooleanRenderer
Event: 0.232 loading class javax/swing/JTable$BooleanRenderer done
Event: 0.232 loading class javax/swing/plaf/synth/SynthTableUI$SynthTableCellRenderer
Event: 0.232 loading class javax/swing/plaf/synth/SynthTableUI$SynthTableCellRenderer done
Event: 0.232 Executing VM operation: Deoptimize
Event: 0.232 Executing VM operation: Deoptimize done
Event: 0.232 loading class javax/swing/event/ChangeEvent
Event: 0.232 loading class javax/swing/event/ChangeEvent done
Event: 0.232 loading class javax/swing/plaf/basic/BasicTableUI$Handler
Event: 0.233 loading class javax/swing/plaf/basic/BasicTableUI$Handler done


Dynamic libraries:
0x00007ff614320000 - 0x00007ff614357000 	C:\Program Files\Java\jdk1.8.0_111\bin\java.exe
0x00007ffac9160000 - 0x00007ffac9369000 	C:\Windows\SYSTEM32\ntdll.dll
0x00007ffac8800000 - 0x00007ffac88bd000 	C:\Windows\System32\KERNEL32.DLL
0x00007ffac66a0000 - 0x00007ffac6a1d000 	C:\Windows\System32\KERNELBASE.dll
0x00007ffac8450000 - 0x00007ffac84fe000 	C:\Windows\System32\ADVAPI32.dll
0x00007ffac8a80000 - 0x00007ffac8b23000 	C:\Windows\System32\msvcrt.dll
0x00007ffac7d80000 - 0x00007ffac7e1e000 	C:\Windows\System32\sechost.dll
0x00007ffac86b0000 - 0x00007ffac87d0000 	C:\Windows\System32\RPCRT4.dll
0x00007ffac7310000 - 0x00007ffac74bd000 	C:\Windows\System32\USER32.dll
0x00007ffac6e40000 - 0x00007ffac6e66000 	C:\Windows\System32\win32u.dll
0x00007ffac8d70000 - 0x00007ffac8d99000 	C:\Windows\System32\GDI32.dll
0x00007ffac6a20000 - 0x00007ffac6b39000 	C:\Windows\System32\gdi32full.dll
0x00007ffac6ce0000 - 0x00007ffac6d7d000 	C:\Windows\System32\msvcp_win.dll
0x00007ffac6bc0000 - 0x00007ffac6cd1000 	C:\Windows\System32\ucrtbase.dll
0x00007ffab0060000 - 0x00007ffab0305000 	C:\Windows\WinSxS\amd64_microsoft.windows.common-controls_6595b64144ccf1df_6.0.22000.120_none_9d947278b86cc467\COMCTL32.dll
0x00007ffac6fe0000 - 0x00007ffac7011000 	C:\Windows\System32\IMM32.DLL
0x00000000728c0000 - 0x0000000072992000 	C:\Program Files\Java\jdk1.8.0_111\jre\bin\msvcr100.dll
0x00000000729a0000 - 0x000000007323a000 	C:\Program Files\Java\jdk1.8.0_111\jre\bin\server\jvm.dll
0x00007ffac87f0000 - 0x00007ffac87f8000 	C:\Windows\System32\PSAPI.DLL
0x00007ffaa1120000 - 0x00007ffaa1129000 	C:\Windows\SYSTEM32\WSOCK32.dll
0x00007ffac82f0000 - 0x00007ffac835f000 	C:\Windows\System32\WS2_32.dll
0x00007ffab4a90000 - 0x00007ffab4ac3000 	C:\Windows\SYSTEM32\WINMM.dll
0x00007ffab45b0000 - 0x00007ffab45ba000 	C:\Windows\SYSTEM32\VERSION.dll
0x0000000073760000 - 0x000000007376f000 	C:\Program Files\Java\jdk1.8.0_111\jre\bin\verify.dll
0x0000000072850000 - 0x0000000072879000 	C:\Program Files\Java\jdk1.8.0_111\jre\bin\java.dll
0x0000000072830000 - 0x0000000072846000 	C:\Program Files\Java\jdk1.8.0_111\jre\bin\zip.dll
0x00007ffac74c0000 - 0x00007ffac7c78000 	C:\Windows\System32\SHELL32.dll
0x00007ffac4720000 - 0x00007ffac4f88000 	C:\Windows\SYSTEM32\windows.storage.dll
0x00007ffac8da0000 - 0x00007ffac9117000 	C:\Windows\System32\combase.dll
0x00007ffac45b0000 - 0x00007ffac4716000 	C:\Windows\SYSTEM32\wintypes.dll
0x00007ffac7c80000 - 0x00007ffac7d6a000 	C:\Windows\System32\SHCORE.dll
0x00007ffac7e20000 - 0x00007ffac7e7d000 	C:\Windows\System32\shlwapi.dll
0x00007ffac6560000 - 0x00007ffac6581000 	C:\Windows\SYSTEM32\profapi.dll
0x0000000072650000 - 0x00000000727e8000 	C:\Program Files\Java\jdk1.8.0_111\jre\bin\awt.dll
0x00007ffac8b40000 - 0x00007ffac8c16000 	C:\Windows\System32\OLEAUT32.dll
0x00007ffac3460000 - 0x00007ffac34f2000 	C:\Windows\SYSTEM32\apphelp.dll
0x00007ffac3790000 - 0x00007ffac383c000 	C:\Windows\system32\uxtheme.dll
0x00007ffac7190000 - 0x00007ffac72ad000 	C:\Windows\System32\MSCTF.dll
0x00007ffac8510000 - 0x00007ffac86aa000 	C:\Windows\System32\ole32.dll
0x00007ffac5600000 - 0x00007ffac5618000 	C:\Windows\SYSTEM32\kernel.appcore.dll
0x00007ffac6b40000 - 0x00007ffac6bbf000 	C:\Windows\System32\bcryptPrimitives.dll
0x00007ffac3f80000 - 0x00007ffac3faf000 	C:\Windows\system32\DWMAPI.DLL
0x0000000072600000 - 0x0000000072647000 	C:\Program Files\Java\jdk1.8.0_111\jre\bin\fontmanager.dll

VM Arguments:
jvm_args: -Dfile.encoding=UTF-8 
java_command: Menubar_login.Form_Kategori
java_class_path (initial): C:\Program Files\NetBeans 8.2\ide\modules\ext\mysql-connector-java-5.1.23-bin.jar;C:\Program Files\NetBeans 8.2\java\modules\ext\beansbinding-1.2.1.jar;F:\coding\coding_java\OOP\sekolah\modul_15\tugas_praktikum\HalamanLogin\build\classes
Launcher Type: SUN_STANDARD

Environment Variables:
PATH=C:\Program Files (x86)\Common Files\Intel\Shared Files\cpp\bin\Intel64;C:\Program Files\Common Files\Oracle\Java\javapath;C:\ProgramData\Oracle\Java\javapath;C:\Windows\system32;C:\Windows;C:\Windows\System32\Wbem;C:\Windows\System32\WindowsPowerShell\v1.0\;C:\Windows\System32\OpenSSH\;C:\Program Files\Java\jdk-17.0.1\bin;C:\Program Files\nodejs\;C:\Program Files\mingw-w64\x86_64-8.1.0-posix-seh-rt_v6-rev0\mingw64\bin;C:\Program Files\Git\cmd;F:\coding\web_programming\back_end\xampp\php;C:\ProgramData\ComposerSetup\bin;C:\Program Files\dotnet\;C:\Users\adham\AppData\Local\Programs\Python\Python310\Scripts\;C:\Users\adham\AppData\Local\Programs\Python\Python310\;C:\Users\adham\AppData\Local\Microsoft\WindowsApps;C:\Users\adham\AppData\Local\Programs\Microsoft VS Code\bin;C:\Users\adham\AppData\Roaming\npm;C:\flutter\bin;C:\Users\adham\AppData\Roaming\Composer\vendor\bin
USERNAME=adham
OS=Windows_NT
PROCESSOR_IDENTIFIER=Intel64 Family 6 Model 140 Stepping 1, GenuineIntel



---------------  S Y S T E M  ---------------

OS: Windows 10.0 , 64 bit Build 22000 (10.0.22000.708)

CPU:total 2 (2 cores per cpu, 2 threads per core) family 6 model 140 stepping 1, cmov, cx8, fxsr, mmx, sse, sse2, sse3, ssse3, sse4.1, sse4.2, popcnt, avx, avx2, aes, clmul, erms, 3dnowpref, lzcnt, ht, tsc, tscinvbit, bmi1, bmi2, adx

Memory: 4k page, physical 8166712k(1525648k free), swap 10214712k(4156k free)

vm_info: Java HotSpot(TM) 64-Bit Server VM (25.111-b14) for windows-amd64 JRE (1.8.0_111-b14), built on Sep 22 2016 19:24:05 by "java_re" with MS VC++ 10.0 (VS2010)

time: Fri Sep 30 20:17:49 2022
elapsed time: 0 seconds (0d 0h 0m 0s)

